2021/10/20 15:55:29 {"callers":["/mnt/g/15---BLE/Project/ctid_serivce/main.go: 28 main.init.0"],"level":"info","message":"xieli: blog-service/test logger","time":1634716529955185200}
2021/10/20 15:57:35 {"callers":["/mnt/g/15---BLE/Project/ctid_serivce/main.go: 28 main.init.0"],"level":"info","message":"xieli: blog-service/test logger","time":1634716655784947800}
2021/10/20 15:59:30 {"callers":["/mnt/g/15---BLE/Project/ctid_serivce/main.go: 28 main.init.0"],"level":"info","message":"xieli: blog-service/test logger","time":1634716770290109300}
2021/10/20 16:20:15 {"callers":["/mnt/g/15---BLE/Project/ctid_serivce/main.go: 28 main.init.0"],"level":"info","message":"xieli: blog-service/test logger","time":1634718015536922900}
2021/10/20 16:20:26 {"callers":["/mnt/g/15---BLE/Project/ctid_serivce/main.go: 28 main.init.0"],"level":"error","message":"app.BindAndValid error: ","time":1634718026136713000}
2021/10/20 16:21:29 {"callers":["/mnt/g/15---BLE/Project/ctid_serivce/main.go: 28 main.init.0"],"level":"error","message":"app.BindAndValid error: ","time":1634718089091394300}
2021/10/20 16:26:28 {"callers":["/mnt/g/15---BLE/Project/ctid_serivce/main.go: 28 main.init.0"],"level":"error","message":"app.BindAndValid error: ","time":1634718388094846500}
2021/10/20 16:27:16 {"callers":["/mnt/g/15---BLE/Project/ctid_serivce/main.go: 28 main.init.0"],"level":"error","message":"app.BindAndValid error: ","time":1634718436603420100}
2021/10/20 16:27:20 {"callers":["/mnt/g/15---BLE/Project/ctid_serivce/main.go: 28 main.init.0"],"level":"error","message":"app.BindAndValid error: CertType为必填字段,CertNumber为必填字段,RoomNumber为必填字段,CheckinTime为必填字段,CheckoutTime为必填字段,CreatedBy为必填字段,UserName长度必须至少为3个字符,Phone为必填字段","time":1634718440499475000}
2021/10/20 16:27:57 {"callers":["/mnt/g/15---BLE/Project/ctid_serivce/main.go: 28 main.init.0"],"level":"error","message":"app.BindAndValid error: CheckoutTime为必填字段,CreatedBy为必填字段,UserName长度必须至少为3个字符,Phone为必填字段,CertType为必填字段,CertNumber为必填字段,RoomNumber为必填字段,CheckinTime为必填字段","time":1634718477003504900}
2021/10/20 16:27:59 {"callers":["/mnt/g/15---BLE/Project/ctid_serivce/main.go: 28 main.init.0"],"level":"error","message":"app.BindAndValid error: CertNumber为必填字段,RoomNumber为必填字段,CheckinTime为必填字段,CheckoutTime为必填字段,CreatedBy为必填字段,UserName长度必须至少为3个字符,Phone为必填字段,CertType为必填字段","time":1634718479029417800}
2021/10/20 16:27:59 {"callers":["/mnt/g/15---BLE/Project/ctid_serivce/main.go: 28 main.init.0"],"level":"error","message":"app.BindAndValid error: CertType为必填字段,CertNumber为必填字段,RoomNumber为必填字段,CheckinTime为必填字段,CheckoutTime为必填字段,CreatedBy为必填字段,UserName长度必须至少为3个字符,Phone为必填字段","time":1634718479881929600}
2021/10/20 16:28:05 {"callers":["/mnt/g/15---BLE/Project/ctid_serivce/main.go: 28 main.init.0"],"level":"error","message":"app.BindAndValid error: ","time":1634718485502159600}
2021/10/20 16:28:28 {"callers":["/mnt/g/15---BLE/Project/ctid_serivce/main.go: 28 main.init.0"],"level":"error","message":"app.BindAndValid error: UserName长度必须至少为3个字符,CertType为必填字段,CertNumber为必填字段,RoomNumber为必填字段,CheckinTime为必填字段,CheckoutTime为必填字段,CreatedBy为必填字段","time":1634718508449599100}
2021/10/20 16:42:09 {"callers":["/mnt/g/15---BLE/Project/ctid_serivce/main.go: 28 main.init.0"],"level":"info","message":"xieli: blog-service/test logger","time":1634719329161486200}
2021/10/20 16:42:21 {"callers":["/mnt/g/15---BLE/Project/ctid_serivce/main.go: 28 main.init.0"],"level":"error","message":"app.BindAndValid error: RoomNumber为必填字段,CheckinTime为必填字段,CheckoutTime为必填字段,CreatedBy为必填字段,UserName长度必须至少为3个字符,CertNumber为必填字段","time":1634719341532074100}
2021/10/20 16:42:25 {"callers":["/mnt/g/15---BLE/Project/ctid_serivce/main.go: 28 main.init.0"],"level":"error","message":"app.BindAndValid error: CertNumber为必填字段,CheckinTime为必填字段,CheckoutTime为必填字段,CreatedBy为必填字段,UserName长度必须至少为3个字符","time":1634719345144192600}
2021/10/20 16:42:48 {"callers":["/mnt/g/15---BLE/Project/ctid_serivce/main.go: 28 main.init.0"],"level":"error","message":"app.BindAndValid error: CheckinTime为必填字段,CheckoutTime为必填字段,CreatedBy为必填字段,UserName长度必须至少为3个字符","time":1634719368923696600}
2021/10/20 16:42:52 {"callers":["/mnt/g/15---BLE/Project/ctid_serivce/main.go: 28 main.init.0"],"level":"error","message":"app.BindAndValid error: UserName长度必须至少为3个字符,CheckoutTime为必填字段,CreatedBy为必填字段","time":1634719372512650200}
2021/10/20 16:42:55 {"callers":["/mnt/g/15---BLE/Project/ctid_serivce/main.go: 28 main.init.0"],"level":"error","message":"app.BindAndValid error: UserName长度必须至少为3个字符,CreatedBy为必填字段","time":1634719375036439700}
2021/10/20 16:43:12 {"callers":["/mnt/g/15---BLE/Project/ctid_serivce/main.go: 28 main.init.0"],"level":"error","message":"app.BindAndValid error: UserName长度必须至少为3个字符,CreatedBy长度必须至少为3个字符","time":1634719392407593300}
2021/10/20 16:44:01 {"callers":["/mnt/g/15---BLE/Project/ctid_serivce/main.go: 28 main.init.0"],"level":"info","message":"xieli: blog-service/test logger","time":1634719441788581500}
2021/10/20 16:44:15 {"callers":["/mnt/g/15---BLE/Project/ctid_serivce/main.go: 28 main.init.0"],"level":"error","message":"svc.CreateOrder error: Error 1054: Unknown column 'user_name' in 'field list'","time":1634719455334981700}
2021/10/20 16:57:39 {"callers":["/mnt/g/15---BLE/Project/ctid_serivce/main.go: 28 main.init.0"],"level":"info","message":"xieli: blog-service/test logger","time":1634720259248265300}
2021/10/20 16:57:58 {"callers":["/mnt/g/15---BLE/Project/ctid_serivce/main.go: 28 main.init.0"],"level":"error","message":"svc.CreateOrder error: Error 1054: Unknown column 'user_name' in 'field list'","time":1634720278081530500}
2021/10/20 17:04:01 {"callers":["/mnt/g/15---BLE/Project/ctid_serivce/main.go: 28 main.init.0"],"level":"info","message":"xieli: blog-service/test logger","time":1634720641145934900}
2021/10/20 17:04:07 {"callers":["/mnt/g/15---BLE/Project/ctid_serivce/main.go: 28 main.init.0"],"level":"error","message":"app.BindAndValid error: UserName为必填字段","time":1634720647396261000}
2021/10/20 17:09:37 {"callers":["/mnt/g/15---BLE/Project/ctid_serivce/main.go: 28 main.init.0"],"level":"info","message":"xieli: blog-service/test logger","time":1634720977710429900}
